2025-12-27T11:58:43.282+05:30  INFO 13008 --- [User-Management-System] [restartedMain] c.s.UserManagementSystemApplication      : Starting UserManagementSystemApplication using Java 21.0.8 with PID 13008 (C:\Users\Sonali Koli\Desktop\Sonalis projects\UserManagementSystem\target\classes started by Sonali Koli in C:\Users\Sonali Koli\Desktop\Sonalis projects\UserManagementSystem)
2025-12-27T11:58:43.287+05:30  INFO 13008 --- [User-Management-System] [restartedMain] c.s.UserManagementSystemApplication      : No active profile set, falling back to 1 default profile: "default"
2025-12-27T11:58:43.402+05:30  INFO 13008 --- [User-Management-System] [restartedMain] .e.DevToolsPropertyDefaultsPostProcessor : Devtools property defaults active! Set 'spring.devtools.add-properties' to 'false' to disable
2025-12-27T11:58:43.403+05:30  INFO 13008 --- [User-Management-System] [restartedMain] .e.DevToolsPropertyDefaultsPostProcessor : For additional web related logging consider setting the 'logging.level.web' property to 'DEBUG'
2025-12-27T11:58:44.714+05:30  INFO 13008 --- [User-Management-System] [restartedMain] .s.d.r.c.RepositoryConfigurationDelegate : Bootstrapping Spring Data JPA repositories in DEFAULT mode.
2025-12-27T11:58:44.838+05:30  INFO 13008 --- [User-Management-System] [restartedMain] .s.d.r.c.RepositoryConfigurationDelegate : Finished Spring Data repository scanning in 103 ms. Found 1 JPA repository interface.
2025-12-27T11:58:45.915+05:30  INFO 13008 --- [User-Management-System] [restartedMain] o.s.b.w.embedded.tomcat.TomcatWebServer  : Tomcat initialized with port 8081 (http)
2025-12-27T11:58:45.947+05:30  INFO 13008 --- [User-Management-System] [restartedMain] o.apache.catalina.core.StandardService   : Starting service [Tomcat]
2025-12-27T11:58:45.948+05:30  INFO 13008 --- [User-Management-System] [restartedMain] o.apache.catalina.core.StandardEngine    : Starting Servlet engine: [Apache Tomcat/10.1.39]
2025-12-27T11:58:46.032+05:30  INFO 13008 --- [User-Management-System] [restartedMain] o.a.c.c.C.[Tomcat].[localhost].[/]       : Initializing Spring embedded WebApplicationContext
2025-12-27T11:58:46.033+05:30  INFO 13008 --- [User-Management-System] [restartedMain] w.s.c.ServletWebServerApplicationContext : Root WebApplicationContext: initialization completed in 2629 ms
2025-12-27T11:58:46.389+05:30  INFO 13008 --- [User-Management-System] [restartedMain] o.hibernate.jpa.internal.util.LogHelper  : HHH000204: Processing PersistenceUnitInfo [name: default]
2025-12-27T11:58:46.525+05:30  INFO 13008 --- [User-Management-System] [restartedMain] org.hibernate.Version                    : HHH000412: Hibernate ORM core version 6.6.11.Final
2025-12-27T11:58:46.608+05:30  INFO 13008 --- [User-Management-System] [restartedMain] o.h.c.internal.RegionFactoryInitiator    : HHH000026: Second-level cache disabled
2025-12-27T11:58:47.195+05:30  INFO 13008 --- [User-Management-System] [restartedMain] o.s.o.j.p.SpringPersistenceUnitInfo      : No LoadTimeWeaver setup: ignoring JPA class transformer
2025-12-27T11:58:47.255+05:30  INFO 13008 --- [User-Management-System] [restartedMain] com.zaxxer.hikari.HikariDataSource       : HikariPool-1 - Starting...
2025-12-27T11:58:48.056+05:30  INFO 13008 --- [User-Management-System] [restartedMain] com.zaxxer.hikari.pool.HikariPool        : HikariPool-1 - Added connection com.mysql.cj.jdbc.ConnectionImpl@7b0f8cc7
2025-12-27T11:58:48.060+05:30  INFO 13008 --- [User-Management-System] [restartedMain] com.zaxxer.hikari.HikariDataSource       : HikariPool-1 - Start completed.
2025-12-27T11:58:48.144+05:30  WARN 13008 --- [User-Management-System] [restartedMain] org.hibernate.orm.deprecation            : HHH90000025: MySQL8Dialect does not need to be specified explicitly using 'hibernate.dialect' (remove the property setting and it will be selected by default)
2025-12-27T11:58:48.147+05:30  WARN 13008 --- [User-Management-System] [restartedMain] org.hibernate.orm.deprecation            : HHH90000026: MySQL8Dialect has been deprecated; use org.hibernate.dialect.MySQLDialect instead
2025-12-27T11:58:48.186+05:30  INFO 13008 --- [User-Management-System] [restartedMain] org.hibernate.orm.connections.pooling    : HHH10001005: Database info:
	Database JDBC URL [Connecting through datasource 'HikariDataSource (HikariPool-1)']
	Database driver: undefined/unknown
	Database version: 8.0
	Autocommit mode: undefined/unknown
	Isolation level: undefined/unknown
	Minimum pool size: undefined/unknown
	Maximum pool size: undefined/unknown
2025-12-27T11:58:49.494+05:30  INFO 13008 --- [User-Management-System] [restartedMain] o.h.e.t.j.p.i.JtaPlatformInitiator       : HHH000489: No JTA platform available (set 'hibernate.transaction.jta.platform' to enable JTA platform integration)
2025-12-27T11:58:49.566+05:30  INFO 13008 --- [User-Management-System] [restartedMain] j.LocalContainerEntityManagerFactoryBean : Initialized JPA EntityManagerFactory for persistence unit 'default'
2025-12-27T11:58:50.067+05:30  WARN 13008 --- [User-Management-System] [restartedMain] JpaBaseConfiguration$JpaWebConfiguration : spring.jpa.open-in-view is enabled by default. Therefore, database queries may be performed during view rendering. Explicitly configure spring.jpa.open-in-view to disable this warning
2025-12-27T11:58:50.697+05:30  INFO 13008 --- [User-Management-System] [restartedMain] o.s.b.d.a.OptionalLiveReloadServer       : LiveReload server is running on port 35729
2025-12-27T11:58:50.740+05:30  INFO 13008 --- [User-Management-System] [restartedMain] o.s.b.w.embedded.tomcat.TomcatWebServer  : Tomcat started on port 8081 (http) with context path '/'
2025-12-27T11:58:50.752+05:30  INFO 13008 --- [User-Management-System] [restartedMain] c.s.UserManagementSystemApplication      : Started UserManagementSystemApplication in 8.4 seconds (process running for 9.265)
2025-12-27T12:07:10.031+05:30  WARN 13008 --- [User-Management-System] [HikariPool-1 housekeeper] com.zaxxer.hikari.pool.HikariPool        : HikariPool-1 - Thread starvation or clock leap detected (housekeeper delta=2m51s771ms362µs800ns).
2025-12-27T13:38:29.325+05:30  INFO 1344 --- [User-Management-System] [restartedMain] c.s.UserManagementSystemApplication      : Starting UserManagementSystemApplication using Java 21.0.8 with PID 1344 (C:\Users\Sonali Koli\Desktop\Sonalis projects\UserMangementSystem\target\classes started by Sonali Koli in C:\Users\Sonali Koli\Desktop\Sonalis projects\UserMangementSystem)
2025-12-27T13:38:29.332+05:30  INFO 1344 --- [User-Management-System] [restartedMain] c.s.UserManagementSystemApplication      : No active profile set, falling back to 1 default profile: "default"
2025-12-27T13:38:29.481+05:30  INFO 1344 --- [User-Management-System] [restartedMain] .e.DevToolsPropertyDefaultsPostProcessor : Devtools property defaults active! Set 'spring.devtools.add-properties' to 'false' to disable
2025-12-27T13:38:29.482+05:30  INFO 1344 --- [User-Management-System] [restartedMain] .e.DevToolsPropertyDefaultsPostProcessor : For additional web related logging consider setting the 'logging.level.web' property to 'DEBUG'
2025-12-27T13:38:31.241+05:30  INFO 1344 --- [User-Management-System] [restartedMain] .s.d.r.c.RepositoryConfigurationDelegate : Bootstrapping Spring Data JPA repositories in DEFAULT mode.
2025-12-27T13:38:31.396+05:30  INFO 1344 --- [User-Management-System] [restartedMain] .s.d.r.c.RepositoryConfigurationDelegate : Finished Spring Data repository scanning in 130 ms. Found 1 JPA repository interface.
2025-12-27T13:38:32.790+05:30  INFO 1344 --- [User-Management-System] [restartedMain] o.s.b.w.embedded.tomcat.TomcatWebServer  : Tomcat initialized with port 8081 (http)
2025-12-27T13:38:32.825+05:30  INFO 1344 --- [User-Management-System] [restartedMain] o.apache.catalina.core.StandardService   : Starting service [Tomcat]
2025-12-27T13:38:32.826+05:30  INFO 1344 --- [User-Management-System] [restartedMain] o.apache.catalina.core.StandardEngine    : Starting Servlet engine: [Apache Tomcat/10.1.39]
2025-12-27T13:38:32.946+05:30  INFO 1344 --- [User-Management-System] [restartedMain] o.a.c.c.C.[Tomcat].[localhost].[/]       : Initializing Spring embedded WebApplicationContext
2025-12-27T13:38:32.947+05:30  INFO 1344 --- [User-Management-System] [restartedMain] w.s.c.ServletWebServerApplicationContext : Root WebApplicationContext: initialization completed in 3464 ms
2025-12-27T13:38:33.369+05:30  INFO 1344 --- [User-Management-System] [restartedMain] o.hibernate.jpa.internal.util.LogHelper  : HHH000204: Processing PersistenceUnitInfo [name: default]
2025-12-27T13:38:33.550+05:30  INFO 1344 --- [User-Management-System] [restartedMain] org.hibernate.Version                    : HHH000412: Hibernate ORM core version 6.6.11.Final
2025-12-27T13:38:33.661+05:30  INFO 1344 --- [User-Management-System] [restartedMain] o.h.c.internal.RegionFactoryInitiator    : HHH000026: Second-level cache disabled
2025-12-27T13:38:34.409+05:30  INFO 1344 --- [User-Management-System] [restartedMain] o.s.o.j.p.SpringPersistenceUnitInfo      : No LoadTimeWeaver setup: ignoring JPA class transformer
2025-12-27T13:38:34.489+05:30  INFO 1344 --- [User-Management-System] [restartedMain] com.zaxxer.hikari.HikariDataSource       : HikariPool-1 - Starting...
2025-12-27T13:38:35.441+05:30  INFO 1344 --- [User-Management-System] [restartedMain] com.zaxxer.hikari.pool.HikariPool        : HikariPool-1 - Added connection com.mysql.cj.jdbc.ConnectionImpl@358fb985
2025-12-27T13:38:35.446+05:30  INFO 1344 --- [User-Management-System] [restartedMain] com.zaxxer.hikari.HikariDataSource       : HikariPool-1 - Start completed.
2025-12-27T13:38:35.569+05:30  WARN 1344 --- [User-Management-System] [restartedMain] org.hibernate.orm.deprecation            : HHH90000025: MySQL8Dialect does not need to be specified explicitly using 'hibernate.dialect' (remove the property setting and it will be selected by default)
2025-12-27T13:38:35.572+05:30  WARN 1344 --- [User-Management-System] [restartedMain] org.hibernate.orm.deprecation            : HHH90000026: MySQL8Dialect has been deprecated; use org.hibernate.dialect.MySQLDialect instead
2025-12-27T13:38:35.628+05:30  INFO 1344 --- [User-Management-System] [restartedMain] org.hibernate.orm.connections.pooling    : HHH10001005: Database info:
	Database JDBC URL [Connecting through datasource 'HikariDataSource (HikariPool-1)']
	Database driver: undefined/unknown
	Database version: 8.0
	Autocommit mode: undefined/unknown
	Isolation level: undefined/unknown
	Minimum pool size: undefined/unknown
	Maximum pool size: undefined/unknown
2025-12-27T13:38:37.370+05:30  INFO 1344 --- [User-Management-System] [restartedMain] o.h.e.t.j.p.i.JtaPlatformInitiator       : HHH000489: No JTA platform available (set 'hibernate.transaction.jta.platform' to enable JTA platform integration)
2025-12-27T13:38:37.482+05:30  INFO 1344 --- [User-Management-System] [restartedMain] j.LocalContainerEntityManagerFactoryBean : Initialized JPA EntityManagerFactory for persistence unit 'default'
2025-12-27T13:38:38.184+05:30  WARN 1344 --- [User-Management-System] [restartedMain] JpaBaseConfiguration$JpaWebConfiguration : spring.jpa.open-in-view is enabled by default. Therefore, database queries may be performed during view rendering. Explicitly configure spring.jpa.open-in-view to disable this warning
2025-12-27T13:38:39.010+05:30  WARN 1344 --- [User-Management-System] [restartedMain] o.s.b.d.a.OptionalLiveReloadServer       : Unable to start LiveReload server
2025-12-27T13:38:39.057+05:30  WARN 1344 --- [User-Management-System] [restartedMain] ConfigServletWebServerApplicationContext : Exception encountered during context initialization - cancelling refresh attempt: org.springframework.context.ApplicationContextException: Failed to start bean 'webServerStartStop'
2025-12-27T13:38:39.063+05:30  INFO 1344 --- [User-Management-System] [restartedMain] j.LocalContainerEntityManagerFactoryBean : Closing JPA EntityManagerFactory for persistence unit 'default'
2025-12-27T13:38:39.071+05:30  INFO 1344 --- [User-Management-System] [restartedMain] com.zaxxer.hikari.HikariDataSource       : HikariPool-1 - Shutdown initiated...
2025-12-27T13:38:39.091+05:30  INFO 1344 --- [User-Management-System] [restartedMain] com.zaxxer.hikari.HikariDataSource       : HikariPool-1 - Shutdown completed.
2025-12-27T13:38:39.121+05:30  INFO 1344 --- [User-Management-System] [restartedMain] .s.b.a.l.ConditionEvaluationReportLogger : 

Error starting ApplicationContext. To display the condition evaluation report re-run your application with 'debug' enabled.
2025-12-27T13:38:39.174+05:30 ERROR 1344 --- [User-Management-System] [restartedMain] o.s.b.d.LoggingFailureAnalysisReporter   : 

***************************
APPLICATION FAILED TO START
***************************

Description:

Web server failed to start. Port 8081 was already in use.

Action:

Identify and stop the process that's listening on port 8081 or configure this application to listen on another port.

2025-12-27T13:39:23.689+05:30  INFO 12852 --- [User-Management-System] [restartedMain] c.s.UserManagementSystemApplication      : Starting UserManagementSystemApplication using Java 21.0.8 with PID 12852 (C:\Users\Sonali Koli\Desktop\Sonalis projects\UserMangementSystem\target\classes started by Sonali Koli in C:\Users\Sonali Koli\Desktop\Sonalis projects\UserMangementSystem)
2025-12-27T13:39:23.695+05:30  INFO 12852 --- [User-Management-System] [restartedMain] c.s.UserManagementSystemApplication      : No active profile set, falling back to 1 default profile: "default"
2025-12-27T13:39:23.836+05:30  INFO 12852 --- [User-Management-System] [restartedMain] .e.DevToolsPropertyDefaultsPostProcessor : Devtools property defaults active! Set 'spring.devtools.add-properties' to 'false' to disable
2025-12-27T13:39:23.837+05:30  INFO 12852 --- [User-Management-System] [restartedMain] .e.DevToolsPropertyDefaultsPostProcessor : For additional web related logging consider setting the 'logging.level.web' property to 'DEBUG'
2025-12-27T13:39:25.458+05:30  INFO 12852 --- [User-Management-System] [restartedMain] .s.d.r.c.RepositoryConfigurationDelegate : Bootstrapping Spring Data JPA repositories in DEFAULT mode.
2025-12-27T13:39:25.620+05:30  INFO 12852 --- [User-Management-System] [restartedMain] .s.d.r.c.RepositoryConfigurationDelegate : Finished Spring Data repository scanning in 140 ms. Found 1 JPA repository interface.
2025-12-27T13:39:26.950+05:30  INFO 12852 --- [User-Management-System] [restartedMain] o.s.b.w.embedded.tomcat.TomcatWebServer  : Tomcat initialized with port 8081 (http)
2025-12-27T13:39:26.992+05:30  INFO 12852 --- [User-Management-System] [restartedMain] o.apache.catalina.core.StandardService   : Starting service [Tomcat]
2025-12-27T13:39:26.993+05:30  INFO 12852 --- [User-Management-System] [restartedMain] o.apache.catalina.core.StandardEngine    : Starting Servlet engine: [Apache Tomcat/10.1.39]
2025-12-27T13:39:27.107+05:30  INFO 12852 --- [User-Management-System] [restartedMain] o.a.c.c.C.[Tomcat].[localhost].[/]       : Initializing Spring embedded WebApplicationContext
2025-12-27T13:39:27.108+05:30  INFO 12852 --- [User-Management-System] [restartedMain] w.s.c.ServletWebServerApplicationContext : Root WebApplicationContext: initialization completed in 3269 ms
2025-12-27T13:39:27.507+05:30  INFO 12852 --- [User-Management-System] [restartedMain] o.hibernate.jpa.internal.util.LogHelper  : HHH000204: Processing PersistenceUnitInfo [name: default]
2025-12-27T13:39:27.630+05:30  INFO 12852 --- [User-Management-System] [restartedMain] org.hibernate.Version                    : HHH000412: Hibernate ORM core version 6.6.11.Final
2025-12-27T13:39:27.723+05:30  INFO 12852 --- [User-Management-System] [restartedMain] o.h.c.internal.RegionFactoryInitiator    : HHH000026: Second-level cache disabled
2025-12-27T13:39:28.460+05:30  INFO 12852 --- [User-Management-System] [restartedMain] o.s.o.j.p.SpringPersistenceUnitInfo      : No LoadTimeWeaver setup: ignoring JPA class transformer
2025-12-27T13:39:28.516+05:30  INFO 12852 --- [User-Management-System] [restartedMain] com.zaxxer.hikari.HikariDataSource       : HikariPool-1 - Starting...
2025-12-27T13:39:29.329+05:30  INFO 12852 --- [User-Management-System] [restartedMain] com.zaxxer.hikari.pool.HikariPool        : HikariPool-1 - Added connection com.mysql.cj.jdbc.ConnectionImpl@31e0b22a
2025-12-27T13:39:29.333+05:30  INFO 12852 --- [User-Management-System] [restartedMain] com.zaxxer.hikari.HikariDataSource       : HikariPool-1 - Start completed.
2025-12-27T13:39:29.433+05:30  WARN 12852 --- [User-Management-System] [restartedMain] org.hibernate.orm.deprecation            : HHH90000025: MySQL8Dialect does not need to be specified explicitly using 'hibernate.dialect' (remove the property setting and it will be selected by default)
2025-12-27T13:39:29.436+05:30  WARN 12852 --- [User-Management-System] [restartedMain] org.hibernate.orm.deprecation            : HHH90000026: MySQL8Dialect has been deprecated; use org.hibernate.dialect.MySQLDialect instead
2025-12-27T13:39:29.487+05:30  INFO 12852 --- [User-Management-System] [restartedMain] org.hibernate.orm.connections.pooling    : HHH10001005: Database info:
	Database JDBC URL [Connecting through datasource 'HikariDataSource (HikariPool-1)']
	Database driver: undefined/unknown
	Database version: 8.0
	Autocommit mode: undefined/unknown
	Isolation level: undefined/unknown
	Minimum pool size: undefined/unknown
	Maximum pool size: undefined/unknown
2025-12-27T13:39:31.042+05:30  INFO 12852 --- [User-Management-System] [restartedMain] o.h.e.t.j.p.i.JtaPlatformInitiator       : HHH000489: No JTA platform available (set 'hibernate.transaction.jta.platform' to enable JTA platform integration)
2025-12-27T13:39:31.151+05:30  INFO 12852 --- [User-Management-System] [restartedMain] j.LocalContainerEntityManagerFactoryBean : Initialized JPA EntityManagerFactory for persistence unit 'default'
2025-12-27T13:39:31.829+05:30  WARN 12852 --- [User-Management-System] [restartedMain] JpaBaseConfiguration$JpaWebConfiguration : spring.jpa.open-in-view is enabled by default. Therefore, database queries may be performed during view rendering. Explicitly configure spring.jpa.open-in-view to disable this warning
2025-12-27T13:39:32.567+05:30  WARN 12852 --- [User-Management-System] [restartedMain] o.s.b.d.a.OptionalLiveReloadServer       : Unable to start LiveReload server
2025-12-27T13:39:32.607+05:30  WARN 12852 --- [User-Management-System] [restartedMain] ConfigServletWebServerApplicationContext : Exception encountered during context initialization - cancelling refresh attempt: org.springframework.context.ApplicationContextException: Failed to start bean 'webServerStartStop'
2025-12-27T13:39:32.617+05:30  INFO 12852 --- [User-Management-System] [restartedMain] j.LocalContainerEntityManagerFactoryBean : Closing JPA EntityManagerFactory for persistence unit 'default'
2025-12-27T13:39:32.626+05:30  INFO 12852 --- [User-Management-System] [restartedMain] com.zaxxer.hikari.HikariDataSource       : HikariPool-1 - Shutdown initiated...
2025-12-27T13:39:32.649+05:30  INFO 12852 --- [User-Management-System] [restartedMain] com.zaxxer.hikari.HikariDataSource       : HikariPool-1 - Shutdown completed.
2025-12-27T13:39:32.683+05:30  INFO 12852 --- [User-Management-System] [restartedMain] .s.b.a.l.ConditionEvaluationReportLogger : 

Error starting ApplicationContext. To display the condition evaluation report re-run your application with 'debug' enabled.
2025-12-27T13:39:32.737+05:30 ERROR 12852 --- [User-Management-System] [restartedMain] o.s.b.d.LoggingFailureAnalysisReporter   : 

***************************
APPLICATION FAILED TO START
***************************

Description:

Web server failed to start. Port 8081 was already in use.

Action:

Identify and stop the process that's listening on port 8081 or configure this application to listen on another port.

